<?xml version="1.0" encoding="UTF-8"?>
<!-- Generated by org.testng.reporters.JUnitReportReporter -->
<testsuite hostname="DESKTOP-HGLIQK3" failures="0" tests="1" name="Test.PageAlojamiento" time="75.214" errors="0" timestamp="2022-09-27T11:31:50 CDT" skipped="0">
  <testcase classname="Test.PageAlojamiento" name="f" time="75.214"/>
  <system-out/>
</testsuite> <!-- Test.PageAlojamiento -->
