<?xml version="1.0" encoding="UTF-8"?>
<!-- Generated by org.testng.reporters.JUnitReportReporter -->
<testsuite hostname="DESKTOP-HGLIQK3" failures="0" tests="1" name="TestAlojamineto.TestAlojamiento" time="38.732" errors="0" timestamp="2022-09-24T17:09:59 CDT" skipped="0">
  <testcase classname="TestAlojamineto.TestAlojamiento" name="f" time="38.732"/>
  <system-out/>
</testsuite> <!-- TestAlojamineto.TestAlojamiento -->
