<?xml version="1.0" encoding="UTF-8"?>
<!-- Generated by org.testng.reporters.JUnitReportReporter -->
<testsuite hostname="DESKTOP-HGLIQK3" failures="0" tests="1" name="Pages.PageAlojamiento" time="53.956" errors="0" timestamp="2022-09-26T14:39:15 CDT" skipped="0">
  <testcase classname="Pages.PageAlojamiento" name="f" time="53.956"/>
  <system-out/>
</testsuite> <!-- Pages.PageAlojamiento -->
